<html>
<head>
<title>TestNG:  Test</title>
<link href="../testng.css" rel="stylesheet" type="text/css" />
<link href="../my-testng.css" rel="stylesheet" type="text/css" />

<style type="text/css">
.log { display: none;} 
.stack-trace { display: none;} 
</style>
<script type="text/javascript">
<!--
function flip(e) {
  current = e.style.display;
  if (current == 'block') {
    e.style.display = 'none';
    return 0;
  }
  else {
    e.style.display = 'block';
    return 1;
  }
}

function toggleBox(szDivId, elem, msg1, msg2)
{
  var res = -1;  if (document.getElementById) {
    res = flip(document.getElementById(szDivId));
  }
  else if (document.all) {
    // this is the way old msie versions work
    res = flip(document.all[szDivId]);
  }
  if(elem) {
    if(res == 0) elem.innerHTML = msg1; else elem.innerHTML = msg2;
  }

}

function toggleAllBoxes() {
  if (document.getElementsByTagName) {
    d = document.getElementsByTagName('div');
    for (i = 0; i < d.length; i++) {
      if (d[i].className == 'log') {
        flip(d[i]);
      }
    }
  }
}

// -->
</script>

</head>
<body>
<h2 align='center'>Test</h2><table border='1' align="center">
<tr>
<td>Tests passed/Failed/Skipped:</td><td>0/0/1</td>
</tr><tr>
<td>Started on:</td><td>Mon Aug 21 23:47:36 MST 2017</td>
</tr>
<tr><td>Total time:</td><td>52 seconds (52804 ms)</td>
</tr><tr>
<td>Included groups:</td><td></td>
</tr><tr>
<td>Excluded groups:</td><td></td>
</tr>
</table><p/>
<small><i>(Hover the method name to see the test class name)</i></small><p/>
<table width='100%' border='1' class='invocation-failed'>
<tr><td colspan='4' align='center'><b>FAILED CONFIGURATIONS</b></td></tr>
<tr><td><b>Test method</b></td>
<td width="30%"><b>Exception</b></td>
<td width="10%"><b>Time (seconds)</b></td>
<td><b>Instance</b></td>
</tr>
<tr>
<td title='example.NewTest.beforeTest()'><b>beforeTest</b><br>Test class: example.NewTest</td>
<td><div><pre>org.openqa.selenium.WebDriverException: Failed to connect to binary FirefoxBinary(C:\Program Files\Mozilla Firefox\firefox.exe) on port 7055; process output follows: 
xpi	DEBUG	Existing add-on e10srollout@mozilla.org in app-system-defaults
1503384466582	addons.xpi	DEBUG	Existing add-on firefox@getpocket.com in app-system-defaults
1503384466583	addons.xpi	DEBUG	Existing add-on followonsearch@mozilla.com in app-system-defaults
1503384466583	addons.xpi	DEBUG	Existing add-on screenshots@mozilla.org in app-system-defaults
1503384466583	addons.xpi	DEBUG	Existing add-on shield-recipe-client@mozilla.org in app-system-defaults
1503384466584	addons.xpi	DEBUG	Existing add-on webcompat@mozilla.org in app-system-defaults
1503384466585	addons.xpi	INFO	Mapping {972ce4c6-7e08-4474-a285-3208198ce6fd} to C:\Program Files\Mozilla Firefox\browser\extensions\{972ce4c6-7e08-4474-a285-3208198ce6fd}.xpi
1503384466585	addons.xpi	DEBUG	Existing add-on {972ce4c6-7e08-4474-a285-3208198ce6fd} in app-global
1503384466585	addons.xpi	DEBUG	getInstallState changed: false, state: {}
1503384466642	addons.productaddons	INFO	sending request to: https://aus5.mozilla.org/update/3/GMP/55.0.2/20170814072924/WINNT_x86_64-msvc-x64/en-US/release/Windows_NT%2010.0.0.0%20(x64)/default/default/update.xml
1503384467569	addons.productaddons	INFO	Completed downloading document
1503384468103	addons.productaddons	INFO	downloadXHR File download. status=200
1503384468121	addons.productaddons	INFO	Downloaded file will be saved to C:\Users\MURALI~1\AppData\Local\Temp\tmpaddon
1503384469226	addons.productaddons	INFO	downloadXHR File download. status=200
1503384469231	addons.productaddons	INFO	Downloaded file will be saved to C:\Users\MURALI~1\AppData\Local\Temp\tmpaddon
1503384476457	addons.xpi	DEBUG	Calling bootstrap method shutdown on webcompat@mozilla.org version 1.1
1503384476457	addons.xpi	DEBUG	Calling bootstrap method shutdown on shield-recipe-client@mozilla.org version 55.1
1503384476460	addons.xpi	DEBUG	Calling bootstrap method shutdown on screenshots@mozilla.org version 10.10.0
1503384476461	addons.xpi	DEBUG	Calling bootstrap method shutdown on followonsearch@mozilla.com version 0.9.1
1503384476463	addons.xpi	DEBUG	Calling bootstrap method shutdown on firefox@getpocket.com version 1.0.5
1503384476464	addons.xpi	DEBUG	Calling bootstrap method shutdown on e10srollout@mozilla.org version 2.0
1503384476465	addons.xpi	DEBUG	Calling bootstrap method shutdown on clicktoplay-rollout@mozilla.org version 1.2
1503384476466	addons.xpi	DEBUG	Calling bootstrap method shutdown on aushelper@mozilla.org version 2.0
Unable to read VR Path Registry from C:\Users\Muralidhar\AppData\Local\openvr\openvrpaths.vrpath
[GPU 7260] WARNING: pipe error: 109: file c:/builds/moz2_slave/m-rel-w64-00000000000000000000/build/src/ipc/chromium/src/chrome/common/ipc_channel_win.cc, line 346
[GPU 7260] WARNING: pipe error: 109: file c:/builds/moz2_slave/m-rel-w64-00000000000000000000/build/src/ipc/chromium/src/chrome/common/ipc_channel_win.cc, line 346
Unable to read VR Path Registry from C:\Users\Muralidhar\AppData\Local\openvr\openvrpaths.vrpath
[Child 7656] WARNING: pipe error: 109: file c:/builds/moz2_slave/m-rel-w64-00000000000000000000/build/src/ipc/chromium/src/chrome/common/ipc_channel_win.cc, line 346
1503384477021	addons.manager	DEBUG	shutdown
1503384477023	addons.manager	DEBUG	Calling shutdown blocker for XPIProvider
1503384477024	addons.xpi	DEBUG	shutdown
1503384477024	addons.xpi-utils	DEBUG	shutdown
1503384477026	addons.manager	DEBUG	Calling shutdown blocker for LightweightThemeManager
1503384477026	addons.manager	DEBUG	Calling shutdown blocker for GMPProvider
1503384477029	addons.manager	DEBUG	Calling shutdown blocker for PluginProvider
1503384477029	addons.manager	DEBUG	Calling shutdown blocker for PreviousExperimentProvider
1503384477030	addons.manager	DEBUG	Calling shutdown blocker for &lt;unnamed-provider&gt;
1503384477033	addons.xpi	DEBUG	Notifying XPI shutdown observers
1503384477045	addons.manager	DEBUG	Async provider shutdown done

###!!! [Child][MessageChannel::SendAndWait] Error: Channel error: cannot send/recv

Unable to read VR Path Registry from C:\Users\Muralidhar\AppData\Local\openvr\openvrpaths.vrpath

Build info: version: &apos;2.45.0&apos;, revision: &apos;5017cb8e7ca8e37638dc3091b2440b90a1d8686f&apos;, time: &apos;2015-02-27 09:10:26&apos;
System info: host: &apos;LAPTOP-8BJDB6GI&apos;, ip: &apos;192.168.0.21&apos;, os.name: &apos;Windows 10&apos;, os.arch: &apos;amd64&apos;, os.version: &apos;10.0&apos;, java.version: &apos;1.8.0_144&apos;
Driver info: driver.version: FirefoxDriver
	at org.openqa.selenium.firefox.internal.NewProfileExtensionConnection.start(NewProfileExtensionConnection.java:130)
	at org.openqa.selenium.firefox.FirefoxDriver.startClient(FirefoxDriver.java:246)
	at org.openqa.selenium.remote.RemoteWebDriver.&lt;init&gt;(RemoteWebDriver.java:114)
	at org.openqa.selenium.firefox.FirefoxDriver.&lt;init&gt;(FirefoxDriver.java:191)
	at org.openqa.selenium.firefox.FirefoxDriver.&lt;init&gt;(FirefoxDriver.java:186)
	at org.openqa.selenium.firefox.FirefoxDriver.&lt;init&gt;(FirefoxDriver.java:182)
	at org.openqa.selenium.firefox.FirefoxDriver.&lt;init&gt;(FirefoxDriver.java:95)
	at example.NewTest.beforeTest(NewTest.java:25)
Caused by: org.openqa.selenium.firefox.NotConnectedException: Unable to connect to host 127.0.0.1 on port 7055 after 45000 ms. Firefox console output:
xpi	DEBUG	Existing add-on e10srollout@mozilla.org in app-system-defaults
1503384466582	addons.xpi	DEBUG	Existing add-on firefox@getpocket.com in app-system-defaults
1503384466583	addons.xpi	DEBUG	Existing add-on followonsearch@mozilla.com in app-system-defaults
1503384466583	addons.xpi	DEBUG	Existing add-on screenshots@mozilla.org in app-system-defaults
1503384466583	addons.xpi	DEBUG	Existing add-on shield-recipe-client@mozilla.org in app-system-defaults
1503384466584	addons.xpi	DEBUG	Existing add-on webcompat@mozilla.org in app-system-defaults
1503384466585	addons.xpi	INFO	Mapping {972ce4c6-7e08-4474-a285-3208198ce6fd} to C:\Program Files\Mozilla Firefox\browser\extensions\{972ce4c6-7e08-4474-a285-3208198ce6fd}.xpi
1503384466585	addons.xpi	DEBUG	Existing add-on {972ce4c6-7e08-4474-a285-3208198ce6fd} in app-global
1503384466585	addons.xpi	DEBUG	getInstallState changed: false, state: {}
1503384466642	addons.productaddons	INFO	sending request to: https://aus5.mozilla.org/update/3/GMP/55.0.2/20170814072924/WINNT_x86_64-msvc-x64/en-US/release/Windows_NT%2010.0.0.0%20(x64)/default/default/update.xml
1503384467569	addons.productaddons	INFO	Completed downloading document
1503384468103	addons.productaddons	INFO	downloadXHR File download. status=200
1503384468121	addons.productaddons	INFO	Downloaded file will be saved to C:\Users\MURALI~1\AppData\Local\Temp\tmpaddon
1503384469226	addons.productaddons	INFO	downloadXHR File download. status=200
1503384469231	addons.productaddons	INFO	Downloaded file will be saved to C:\Users\MURALI~1\AppData\Local\Temp\tmpaddon
1503384476457	addons.xpi	DEBUG	Calling bootstrap method shutdown on webcompat@mozilla.org version 1.1
1503384476457	addons.xpi	DEBUG	Calling bootstrap method shutdown on shield-recipe-client@mozilla.org version 55.1
1503384476460	addons.xpi	DEBUG	Calling bootstrap method shutdown on screenshots@mozilla.org version 10.10.0
1503384476461	addons.xpi	DEBUG	Calling bootstrap method shutdown on followonsearch@mozilla.com version 0.9.1
1503384476463	addons.xpi	DEBUG	Calling bootstrap method shutdown on firefox@getpocket.com version 1.0.5
1503384476464	addons.xpi	DEBUG	Calling bootstrap method shutdown on e10srollout@mozilla.org version 2.0
1503384476465	addons.xpi	DEBUG	Calling bootstrap method shutdown on clicktoplay-rollout@mozilla.org version 1.2
1503384476466	addons.xpi	DEBUG	Calling bootstrap method shutdown on aushelper@mozilla.org version 2.0
Unable to read VR Path Registry from C:\Users\Muralidhar\AppData\Local\openvr\openvrpaths.vrpath
[GPU 7260] WARNING: pipe error: 109: file c:/builds/moz2_slave/m-rel-w64-00000000000000000000/build/src/ipc/chromium/src/chrome/common/ipc_channel_win.cc, line 346
[GPU 7260] WARNING: pipe error: 109: file c:/builds/moz2_slave/m-rel-w64-00000000000000000000/build/src/ipc/chromium/src/chrome/common/ipc_channel_win.cc, line 346
Unable to read VR Path Registry from C:\Users\Muralidhar\AppData\Local\openvr\openvrpaths.vrpath
[Child 7656] WARNING: pipe error: 109: file c:/builds/moz2_slave/m-rel-w64-00000000000000000000/build/src/ipc/chromium/src/chrome/common/ipc_channel_win.cc, line 346
1503384477021	addons.manager	DEBUG	shutdown
1503384477023	addons.manager	DEBUG	Calling shutdown blocker for XPIProvider
1503384477024	addons.xpi	DEBUG	shutdown
1503384477024	addons.xpi-utils	DEBUG	shutdown
1503384477026	addons.manager	DEBUG	Calling shutdown blocker for LightweightThemeManager
1503384477026	addons.manager	DEBUG	Calling shutdown blocker for GMPProvider
1503384477029	addons.manager	DEBUG	Calling shutdown blocker for PluginProvider
1503384477029	addons.manager	DEBUG	Calling shutdown blocker for PreviousExperimentProvider
1503384477030	addons.manager	DEBUG	Calling shutdown blocker for &lt;unnamed-provider&gt;
1503384477033	addons.xpi	DEBUG	Notifying XPI shutdown observers
1503384477045	addons.manager	DEBUG	Async provider shutdown done

###!!! [Child][MessageChannel::SendAndWait] Error: Channel error: cannot send/recv

Unable to read VR Path Registry from C:\Users\Muralidhar\AppData\Local\openvr\openvrpaths.vrpath

	at org.openqa.selenium.firefox.internal.NewProfileExtensionConnection.start(NewProfileExtensionConnection.java:118)
	... 29 more
... Removed 22 stack frames</pre></div><a href='#' onClick='toggleBox("stack-trace2130192211", this, "Click to show all stack frames", "Click to hide stack frames")'>Click to show all stack frames</a>
<div class='stack-trace' id='stack-trace2130192211'><pre>org.openqa.selenium.WebDriverException: Failed to connect to binary FirefoxBinary(C:\Program Files\Mozilla Firefox\firefox.exe) on port 7055; process output follows: 
xpi	DEBUG	Existing add-on e10srollout@mozilla.org in app-system-defaults
1503384466582	addons.xpi	DEBUG	Existing add-on firefox@getpocket.com in app-system-defaults
1503384466583	addons.xpi	DEBUG	Existing add-on followonsearch@mozilla.com in app-system-defaults
1503384466583	addons.xpi	DEBUG	Existing add-on screenshots@mozilla.org in app-system-defaults
1503384466583	addons.xpi	DEBUG	Existing add-on shield-recipe-client@mozilla.org in app-system-defaults
1503384466584	addons.xpi	DEBUG	Existing add-on webcompat@mozilla.org in app-system-defaults
1503384466585	addons.xpi	INFO	Mapping {972ce4c6-7e08-4474-a285-3208198ce6fd} to C:\Program Files\Mozilla Firefox\browser\extensions\{972ce4c6-7e08-4474-a285-3208198ce6fd}.xpi
1503384466585	addons.xpi	DEBUG	Existing add-on {972ce4c6-7e08-4474-a285-3208198ce6fd} in app-global
1503384466585	addons.xpi	DEBUG	getInstallState changed: false, state: {}
1503384466642	addons.productaddons	INFO	sending request to: https://aus5.mozilla.org/update/3/GMP/55.0.2/20170814072924/WINNT_x86_64-msvc-x64/en-US/release/Windows_NT%2010.0.0.0%20(x64)/default/default/update.xml
1503384467569	addons.productaddons	INFO	Completed downloading document
1503384468103	addons.productaddons	INFO	downloadXHR File download. status=200
1503384468121	addons.productaddons	INFO	Downloaded file will be saved to C:\Users\MURALI~1\AppData\Local\Temp\tmpaddon
1503384469226	addons.productaddons	INFO	downloadXHR File download. status=200
1503384469231	addons.productaddons	INFO	Downloaded file will be saved to C:\Users\MURALI~1\AppData\Local\Temp\tmpaddon
1503384476457	addons.xpi	DEBUG	Calling bootstrap method shutdown on webcompat@mozilla.org version 1.1
1503384476457	addons.xpi	DEBUG	Calling bootstrap method shutdown on shield-recipe-client@mozilla.org version 55.1
1503384476460	addons.xpi	DEBUG	Calling bootstrap method shutdown on screenshots@mozilla.org version 10.10.0
1503384476461	addons.xpi	DEBUG	Calling bootstrap method shutdown on followonsearch@mozilla.com version 0.9.1
1503384476463	addons.xpi	DEBUG	Calling bootstrap method shutdown on firefox@getpocket.com version 1.0.5
1503384476464	addons.xpi	DEBUG	Calling bootstrap method shutdown on e10srollout@mozilla.org version 2.0
1503384476465	addons.xpi	DEBUG	Calling bootstrap method shutdown on clicktoplay-rollout@mozilla.org version 1.2
1503384476466	addons.xpi	DEBUG	Calling bootstrap method shutdown on aushelper@mozilla.org version 2.0
Unable to read VR Path Registry from C:\Users\Muralidhar\AppData\Local\openvr\openvrpaths.vrpath
[GPU 7260] WARNING: pipe error: 109: file c:/builds/moz2_slave/m-rel-w64-00000000000000000000/build/src/ipc/chromium/src/chrome/common/ipc_channel_win.cc, line 346
[GPU 7260] WARNING: pipe error: 109: file c:/builds/moz2_slave/m-rel-w64-00000000000000000000/build/src/ipc/chromium/src/chrome/common/ipc_channel_win.cc, line 346
Unable to read VR Path Registry from C:\Users\Muralidhar\AppData\Local\openvr\openvrpaths.vrpath
[Child 7656] WARNING: pipe error: 109: file c:/builds/moz2_slave/m-rel-w64-00000000000000000000/build/src/ipc/chromium/src/chrome/common/ipc_channel_win.cc, line 346
1503384477021	addons.manager	DEBUG	shutdown
1503384477023	addons.manager	DEBUG	Calling shutdown blocker for XPIProvider
1503384477024	addons.xpi	DEBUG	shutdown
1503384477024	addons.xpi-utils	DEBUG	shutdown
1503384477026	addons.manager	DEBUG	Calling shutdown blocker for LightweightThemeManager
1503384477026	addons.manager	DEBUG	Calling shutdown blocker for GMPProvider
1503384477029	addons.manager	DEBUG	Calling shutdown blocker for PluginProvider
1503384477029	addons.manager	DEBUG	Calling shutdown blocker for PreviousExperimentProvider
1503384477030	addons.manager	DEBUG	Calling shutdown blocker for &lt;unnamed-provider&gt;
1503384477033	addons.xpi	DEBUG	Notifying XPI shutdown observers
1503384477045	addons.manager	DEBUG	Async provider shutdown done

###!!! [Child][MessageChannel::SendAndWait] Error: Channel error: cannot send/recv

Unable to read VR Path Registry from C:\Users\Muralidhar\AppData\Local\openvr\openvrpaths.vrpath

Build info: version: &apos;2.45.0&apos;, revision: &apos;5017cb8e7ca8e37638dc3091b2440b90a1d8686f&apos;, time: &apos;2015-02-27 09:10:26&apos;
System info: host: &apos;LAPTOP-8BJDB6GI&apos;, ip: &apos;192.168.0.21&apos;, os.name: &apos;Windows 10&apos;, os.arch: &apos;amd64&apos;, os.version: &apos;10.0&apos;, java.version: &apos;1.8.0_144&apos;
Driver info: driver.version: FirefoxDriver
	at org.openqa.selenium.firefox.internal.NewProfileExtensionConnection.start(NewProfileExtensionConnection.java:130)
	at org.openqa.selenium.firefox.FirefoxDriver.startClient(FirefoxDriver.java:246)
	at org.openqa.selenium.remote.RemoteWebDriver.&lt;init&gt;(RemoteWebDriver.java:114)
	at org.openqa.selenium.firefox.FirefoxDriver.&lt;init&gt;(FirefoxDriver.java:191)
	at org.openqa.selenium.firefox.FirefoxDriver.&lt;init&gt;(FirefoxDriver.java:186)
	at org.openqa.selenium.firefox.FirefoxDriver.&lt;init&gt;(FirefoxDriver.java:182)
	at org.openqa.selenium.firefox.FirefoxDriver.&lt;init&gt;(FirefoxDriver.java:95)
	at example.NewTest.beforeTest(NewTest.java:25)
	at sun.reflect.NativeMethodAccessorImpl.invoke0(Native Method)
	at sun.reflect.NativeMethodAccessorImpl.invoke(Unknown Source)
	at sun.reflect.DelegatingMethodAccessorImpl.invoke(Unknown Source)
	at java.lang.reflect.Method.invoke(Unknown Source)
	at org.testng.internal.MethodInvocationHelper.invokeMethod(MethodInvocationHelper.java:80)
	at org.testng.internal.Invoker.invokeConfigurationMethod(Invoker.java:564)
	at org.testng.internal.Invoker.invokeConfigurations(Invoker.java:213)
	at org.testng.internal.Invoker.invokeConfigurations(Invoker.java:138)
	at org.testng.TestRunner.beforeRun(TestRunner.java:641)
	at org.testng.TestRunner.run(TestRunner.java:609)
	at org.testng.SuiteRunner.runTest(SuiteRunner.java:334)
	at org.testng.SuiteRunner.runSequentially(SuiteRunner.java:329)
	at org.testng.SuiteRunner.privateRun(SuiteRunner.java:291)
	at org.testng.SuiteRunner.run(SuiteRunner.java:240)
	at org.testng.SuiteRunnerWorker.runSuite(SuiteRunnerWorker.java:52)
	at org.testng.SuiteRunnerWorker.run(SuiteRunnerWorker.java:86)
	at org.testng.TestNG.runSuitesSequentially(TestNG.java:1198)
	at org.testng.TestNG.runSuitesLocally(TestNG.java:1123)
	at org.testng.TestNG.run(TestNG.java:1031)
	at org.testng.remote.AbstractRemoteTestNG.run(AbstractRemoteTestNG.java:132)
	at org.testng.remote.RemoteTestNG.initAndRun(RemoteTestNG.java:230)
	at org.testng.remote.RemoteTestNG.main(RemoteTestNG.java:76)
Caused by: org.openqa.selenium.firefox.NotConnectedException: Unable to connect to host 127.0.0.1 on port 7055 after 45000 ms. Firefox console output:
xpi	DEBUG	Existing add-on e10srollout@mozilla.org in app-system-defaults
1503384466582	addons.xpi	DEBUG	Existing add-on firefox@getpocket.com in app-system-defaults
1503384466583	addons.xpi	DEBUG	Existing add-on followonsearch@mozilla.com in app-system-defaults
1503384466583	addons.xpi	DEBUG	Existing add-on screenshots@mozilla.org in app-system-defaults
1503384466583	addons.xpi	DEBUG	Existing add-on shield-recipe-client@mozilla.org in app-system-defaults
1503384466584	addons.xpi	DEBUG	Existing add-on webcompat@mozilla.org in app-system-defaults
1503384466585	addons.xpi	INFO	Mapping {972ce4c6-7e08-4474-a285-3208198ce6fd} to C:\Program Files\Mozilla Firefox\browser\extensions\{972ce4c6-7e08-4474-a285-3208198ce6fd}.xpi
1503384466585	addons.xpi	DEBUG	Existing add-on {972ce4c6-7e08-4474-a285-3208198ce6fd} in app-global
1503384466585	addons.xpi	DEBUG	getInstallState changed: false, state: {}
1503384466642	addons.productaddons	INFO	sending request to: https://aus5.mozilla.org/update/3/GMP/55.0.2/20170814072924/WINNT_x86_64-msvc-x64/en-US/release/Windows_NT%2010.0.0.0%20(x64)/default/default/update.xml
1503384467569	addons.productaddons	INFO	Completed downloading document
1503384468103	addons.productaddons	INFO	downloadXHR File download. status=200
1503384468121	addons.productaddons	INFO	Downloaded file will be saved to C:\Users\MURALI~1\AppData\Local\Temp\tmpaddon
1503384469226	addons.productaddons	INFO	downloadXHR File download. status=200
1503384469231	addons.productaddons	INFO	Downloaded file will be saved to C:\Users\MURALI~1\AppData\Local\Temp\tmpaddon
1503384476457	addons.xpi	DEBUG	Calling bootstrap method shutdown on webcompat@mozilla.org version 1.1
1503384476457	addons.xpi	DEBUG	Calling bootstrap method shutdown on shield-recipe-client@mozilla.org version 55.1
1503384476460	addons.xpi	DEBUG	Calling bootstrap method shutdown on screenshots@mozilla.org version 10.10.0
1503384476461	addons.xpi	DEBUG	Calling bootstrap method shutdown on followonsearch@mozilla.com version 0.9.1
1503384476463	addons.xpi	DEBUG	Calling bootstrap method shutdown on firefox@getpocket.com version 1.0.5
1503384476464	addons.xpi	DEBUG	Calling bootstrap method shutdown on e10srollout@mozilla.org version 2.0
1503384476465	addons.xpi	DEBUG	Calling bootstrap method shutdown on clicktoplay-rollout@mozilla.org version 1.2
1503384476466	addons.xpi	DEBUG	Calling bootstrap method shutdown on aushelper@mozilla.org version 2.0
Unable to read VR Path Registry from C:\Users\Muralidhar\AppData\Local\openvr\openvrpaths.vrpath
[GPU 7260] WARNING: pipe error: 109: file c:/builds/moz2_slave/m-rel-w64-00000000000000000000/build/src/ipc/chromium/src/chrome/common/ipc_channel_win.cc, line 346
[GPU 7260] WARNING: pipe error: 109: file c:/builds/moz2_slave/m-rel-w64-00000000000000000000/build/src/ipc/chromium/src/chrome/common/ipc_channel_win.cc, line 346
Unable to read VR Path Registry from C:\Users\Muralidhar\AppData\Local\openvr\openvrpaths.vrpath
[Child 7656] WARNING: pipe error: 109: file c:/builds/moz2_slave/m-rel-w64-00000000000000000000/build/src/ipc/chromium/src/chrome/common/ipc_channel_win.cc, line 346
1503384477021	addons.manager	DEBUG	shutdown
1503384477023	addons.manager	DEBUG	Calling shutdown blocker for XPIProvider
1503384477024	addons.xpi	DEBUG	shutdown
1503384477024	addons.xpi-utils	DEBUG	shutdown
1503384477026	addons.manager	DEBUG	Calling shutdown blocker for LightweightThemeManager
1503384477026	addons.manager	DEBUG	Calling shutdown blocker for GMPProvider
1503384477029	addons.manager	DEBUG	Calling shutdown blocker for PluginProvider
1503384477029	addons.manager	DEBUG	Calling shutdown blocker for PreviousExperimentProvider
1503384477030	addons.manager	DEBUG	Calling shutdown blocker for &lt;unnamed-provider&gt;
1503384477033	addons.xpi	DEBUG	Notifying XPI shutdown observers
1503384477045	addons.manager	DEBUG	Async provider shutdown done

###!!! [Child][MessageChannel::SendAndWait] Error: Channel error: cannot send/recv

Unable to read VR Path Registry from C:\Users\Muralidhar\AppData\Local\openvr\openvrpaths.vrpath

	at org.openqa.selenium.firefox.internal.NewProfileExtensionConnection.start(NewProfileExtensionConnection.java:118)
	... 29 more
</pre></div></td>
<td>0</td>
<td>null</td></tr>
</table><p>
<table width='100%' border='1' class='invocation-skipped'>
<tr><td colspan='4' align='center'><b>SKIPPED CONFIGURATIONS</b></td></tr>
<tr><td><b>Test method</b></td>
<td width="30%"><b>Exception</b></td>
<td width="10%"><b>Time (seconds)</b></td>
<td><b>Instance</b></td>
</tr>
<tr>
<td title='example.NewTest.afterTest()'><b>afterTest</b><br>Test class: example.NewTest</td>
<td></td>
<td>0</td>
<td>null</td></tr>
</table><p>
<table width='100%' border='1' class='invocation-skipped'>
<tr><td colspan='4' align='center'><b>SKIPPED TESTS</b></td></tr>
<tr><td><b>Test method</b></td>
<td width="30%"><b>Exception</b></td>
<td width="10%"><b>Time (seconds)</b></td>
<td><b>Instance</b></td>
</tr>
<tr>
<td title='example.NewTest.testEasy()'><b>testEasy</b><br>Test class: example.NewTest</td>
<td></td>
<td>0</td>
<td>example.NewTest@7823a2f9</td></tr>
</table><p>
</body>
</html>