<?xml version="1.0" encoding="UTF-8"?>
<!-- Generated by org.testng.reporters.JUnitXMLReporter -->
<testsuite hostname="LAPTOP-8BJDB6GI" name="Test" tests="1" failures="1" timestamp="23 Aug 2017 05:52:04 GMT" time="66.707" errors="0">
  <testcase name="testEasy" time="60.882" classname="example.NewTest">
    <failure type="java.lang.AssertionError" message="
Expecting:
 &amp;lt;60.584624999999996&amp;gt;
to be equal to:
 &amp;lt;60.59&amp;gt;
but was not.">
      <![CDATA[java.lang.AssertionError: 
Expecting:
 <60.584624999999996>
to be equal to:
 <60.59>
but was not.
	at example.NewTest.testEasy(NewTest.java:126)
	at org.apache.maven.surefire.testng.TestNGExecutor.run(TestNGExecutor.java:283)
	at org.apache.maven.surefire.testng.TestNGXmlTestSuite.execute(TestNGXmlTestSuite.java:75)
	at org.apache.maven.surefire.testng.TestNGProvider.invoke(TestNGProvider.java:120)
	at org.apache.maven.surefire.booter.ForkedBooter.invokeProviderInSameClassLoader(ForkedBooter.java:386)
	at org.apache.maven.surefire.booter.ForkedBooter.runSuitesInProcess(ForkedBooter.java:323)
	at org.apache.maven.surefire.booter.ForkedBooter.main(ForkedBooter.java:143)
... Removed 21 stack frames]]>
    </failure>
  </testcase> <!-- testEasy -->
</testsuite> <!-- Test -->
